android-vlc-remote-master1/app/build/outputs/logs/manifest-merger-debug-report.txt
-- Merging decision tree log ---
manifest
ADDED from src\main\AndroidManifest.xml:2:1-345:12
	package
		ADDED from src\main\AndroidManifest.xml:3:5-56
		INJECTED from src\main\AndroidManifest.xml
		INJECTED from src\main\AndroidManifest.xml
	android:versionName
		ADDED from src\main\AndroidManifest.xml:5:5-32
		INJECTED from src\main\AndroidManifest.xml
		INJECTED from src\main\AndroidManifest.xml
	android:versionCode
		ADDED from src\main\AndroidManifest.xml:4:5-29
		INJECTED from src\main\AndroidManifest.xml
		INJECTED from src\main\AndroidManifest.xml
	xmlns:android
		ADDED from src\main\AndroidManifest.xml:2:11-69
uses-sdk
ADDED from src\main\AndroidManifest.xml:7:5-9:41
	android:targetSdkVersion
		ADDED from src\main\AndroidManifest.xml:9:9-38
		INJECTED from src\main\AndroidManifest.xml
		INJECTED from src\main\AndroidManifest.xml
	android:minSdkVersion
		ADDED from src\main\AndroidManifest.xml:8:9-35
		INJECTED from src\main\AndroidManifest.xml
		INJECTED from src\main\AndroidManifest.xml
supports-screens
ADDED from src\main\AndroidManifest.xml:11:5-17:40
	android:largeScreens
		ADDED from src\main\AndroidManifest.xml:13:9-36
	android:smallScreens
		ADDED from src\main\AndroidManifest.xml:16:9-36
	android:normalScreens
		ADDED from src\main\AndroidManifest.xml:14:9-37
	android:xlargeScreens
		ADDED from src\main\AndroidManifest.xml:17:9-37
	android:resizeable
		ADDED from src\main\AndroidManifest.xml:15:9-34
	android:anyDensity
		ADDED from src\main\AndroidManifest.xml:12:9-34
uses-feature#android.hardware.touchscreen
ADDED from src\main\AndroidManifest.xml:19:5-21:35
	android:required
		ADDED from src\main\AndroidManifest.xml:21:9-32
	android:name
		ADDED from src\main\AndroidManifest.xml:20:9-52
uses-feature#android.hardware.wifi
ADDED from src\main\AndroidManifest.xml:22:5-24:36
	android:required
		ADDED from src\main\AndroidManifest.xml:24:9-33
	android:name
		ADDED from src\main\AndroidManifest.xml:23:9-45
uses-permission#android.permission.INTERNET
ADDED from src\main\AndroidManifest.xml:26:5-67
	android:name
		ADDED from src\main\AndroidManifest.xml:26:22-64
uses-permission#android.permission.ACCESS_NETWORK_STATE
ADDED from src\main\AndroidManifest.xml:27:5-79
	android:name
		ADDED from src\main\AndroidManifest.xml:27:22-76
uses-permission#android.permission.ACCESS_WIFI_STATE
ADDED from src\main\AndroidManifest.xml:28:5-76
	android:name
		ADDED from src\main\AndroidManifest.xml:28:22-73
uses-permission#android.permission.READ_PHONE_STATE
ADDED from src\main\AndroidManifest.xml:29:5-75
	android:name
		ADDED from src\main\AndroidManifest.xml:29:22-72
uses-permission#android.permission.VIBRATE
ADDED from src\main\AndroidManifest.xml:30:5-66
	android:name
		ADDED from src\main\AndroidManifest.xml:30:22-63
application
ADDED from src\main\AndroidManifest.xml:32:5-343:19
	android:label
		ADDED from src\main\AndroidManifest.xml:36:9-48
	android:hardwareAccelerated
		ADDED from src\main\AndroidManifest.xml:34:9-43
	android:allowBackup
		ADDED from src\main\AndroidManifest.xml:39:9-35
	android:icon
		ADDED from src\main\AndroidManifest.xml:35:9-38
	android:description
		ADDED from src\main\AndroidManifest.xml:33:9-50
	android:theme
		ADDED from src\main\AndroidManifest.xml:38:9-37
	android:logo
		ADDED from src\main\AndroidManifest.xml:37:9-38
activity#org.peterbaldwin.client.android.vlcremote.PlaybackActivity
ADDED from src\main\AndroidManifest.xml:40:9-307:20
	android:label
		ADDED from src\main\AndroidManifest.xml:43:13-45
	android:launchMode
		ADDED from src\main\AndroidManifest.xml:44:13-44
	android:finishOnTaskLaunch
		ADDED from src\main\AndroidManifest.xml:42:13-46
	android:name
		ADDED from src\main\AndroidManifest.xml:41:13-45
intent-filter#android.intent.action.MAIN+android.intent.category.LAUNCHER
ADDED from src\main\AndroidManifest.xml:45:13-49:29
action#android.intent.action.MAIN
ADDED from src\main\AndroidManifest.xml:46:17-69
	android:name
		ADDED from src\main\AndroidManifest.xml:46:25-66
category#android.intent.category.LAUNCHER
ADDED from src\main\AndroidManifest.xml:48:17-77
	android:name
		ADDED from src\main\AndroidManifest.xml:48:27-74
intent-filter#android.intent.action.SEARCH+android.intent.category.DEFAULT
ADDED from src\main\AndroidManifest.xml:50:13-54:29
action#android.intent.action.SEARCH
ADDED from src\main\AndroidManifest.xml:51:17-71
	android:name
		ADDED from src\main\AndroidManifest.xml:51:25-68
category#android.intent.category.DEFAULT
ADDED from src\main\AndroidManifest.xml:53:17-76
	android:name
		ADDED from src\main\AndroidManifest.xml:53:27-73
intent-filter#android.intent.category.BROWSABLE+android.intent.category.DEFAULT+org.openintents.remote.intent.action.VIEW
ADDED from src\main\AndroidManifest.xml:55:13-162:29
action#org.openintents.remote.intent.action.VIEW
ADDED from src\main\AndroidManifest.xml:56:17-84
	android:name
		ADDED from src\main\AndroidManifest.xml:56:25-81
category#android.intent.category.BROWSABLE
ADDED from src\main\AndroidManifest.xml:59:17-78
	android:name
		ADDED from src\main\AndroidManifest.xml:59:27-75
data
ADDED from src\main\AndroidManifest.xml:61:17-47
	android:scheme
		ADDED from src\main\AndroidManifest.xml:61:23-44
intent-filter#android.intent.action.VIEW+android.intent.category.BROWSABLE+android.intent.category.DEFAULT
ADDED from src\main\AndroidManifest.xml:163:13-265:29
action#android.intent.action.VIEW
ADDED from src\main\AndroidManifest.xml:164:17-69
	android:name
		ADDED from src\main\AndroidManifest.xml:164:25-66
intent-filter#android.intent.category.DEFAULT+org.peterbaldwin.vlcremote.intent.action.VIEW
ADDED from src\main\AndroidManifest.xml:266:13-284:29
action#org.peterbaldwin.vlcremote.intent.action.VIEW
ADDED from src\main\AndroidManifest.xml:267:17-88
	android:name
		ADDED from src\main\AndroidManifest.xml:267:25-85
meta-data#android.app.searchable
ADDED from src\main\AndroidManifest.xml:304:13-306:54
	android:resource
		ADDED from src\main\AndroidManifest.xml:306:17-51
	android:name
		ADDED from src\main\AndroidManifest.xml:305:17-54
activity#org.peterbaldwin.vlcremote.app.PickServerActivity
ADDED from src\main\AndroidManifest.xml:308:9-314:20
	android:label
		ADDED from src\main\AndroidManifest.xml:310:13-45
	android:name
		ADDED from src\main\AndroidManifest.xml:309:13-77
meta-data#android.support.PARENT_ACTIVITY
ADDED from src\main\AndroidManifest.xml:311:17-313:87
	android:value
		ADDED from src\main\AndroidManifest.xml:313:21-84
	android:name
		ADDED from src\main\AndroidManifest.xml:312:21-67
receiver#org.peterbaldwin.client.android.vlcremote.MediaAppWidgetProvider
ADDED from src\main\AndroidManifest.xml:316:9-326:20
	android:name
		ADDED from src\main\AndroidManifest.xml:316:19-57
intent-filter#android.appwidget.action.APPWIDGET_UPDATE+android.net.conn.CONNECTIVITY_CHANGE+org.peterbaldwin.vlcremote.intent.action.MANUAL_APPWIDGET_UPDATE
ADDED from src\main\AndroidManifest.xml:317:13-321:29
action#android.appwidget.action.APPWIDGET_UPDATE
ADDED from src\main\AndroidManifest.xml:318:17-84
	android:name
		ADDED from src\main\AndroidManifest.xml:318:25-81
action#android.net.conn.CONNECTIVITY_CHANGE
ADDED from src\main\AndroidManifest.xml:319:17-79
	android:name
		ADDED from src\main\AndroidManifest.xml:319:25-76
action#org.peterbaldwin.vlcremote.intent.action.MANUAL_APPWIDGET_UPDATE
ADDED from src\main\AndroidManifest.xml:320:17-107
	android:name
		ADDED from src\main\AndroidManifest.xml:320:25-104
meta-data#android.appwidget.provider
ADDED from src\main\AndroidManifest.xml:323:13-325:58
	android:resource
		ADDED from src\main\AndroidManifest.xml:325:17-55
	android:name
		ADDED from src\main\AndroidManifest.xml:324:17-58
service#org.peterbaldwin.vlcremote.service.StatusService
ADDED from src\main\AndroidManifest.xml:328:9-336:19
	android:label
		ADDED from src\main\AndroidManifest.xml:330:13-50
	android:name
		ADDED from src\main\AndroidManifest.xml:329:13-76
intent-filter#org.peterbaldwin.vlcremote.intent.action.ART+org.peterbaldwin.vlcremote.intent.action.ERROR+org.peterbaldwin.vlcremote.intent.action.STATUS
ADDED from src\main\AndroidManifest.xml:331:13-335:29
action#org.peterbaldwin.vlcremote.intent.action.STATUS
ADDED from src\main\AndroidManifest.xml:332:17-90
	android:name
		ADDED from src\main\AndroidManifest.xml:332:25-87
action#org.peterbaldwin.vlcremote.intent.action.ART
ADDED from src\main\AndroidManifest.xml:333:17-87
	android:name
		ADDED from src\main\AndroidManifest.xml:333:25-84
action#org.peterbaldwin.vlcremote.intent.action.ERROR
ADDED from src\main\AndroidManifest.xml:334:17-89
	android:name
		ADDED from src\main\AndroidManifest.xml:334:25-86
receiver#org.peterbaldwin.vlcremote.receiver.PhoneStateChangedReceiver
ADDED from src\main\AndroidManifest.xml:338:9-342:20
	android:name
		ADDED from src\main\AndroidManifest.xml:338:19-95
intent-filter#android.intent.action.PHONE_STATE
ADDED from src\main\AndroidManifest.xml:339:13-341:29
action#android.intent.action.PHONE_STATE
ADDED from src\main\AndroidManifest.xml:340:17-76
	android:name
		ADDED from src\main\AndroidManifest.xml:340:25-73